#
# An unexpected error has been detected by HotSpot Virtual Machine:
#
#  SIGSEGV (0xb) at pc=0xb77dcfc8, pid=30132, tid=3085048672
#
# Java VM: Java HotSpot(TM) Client VM (1.5.0_06-b05 mixed mode, sharing)
# Problematic frame:
# V  [libjvm.so+0x150fc8]
#

---------------  T H R E A D  ---------------

Current thread (0x081b36f8):  JavaThread "main" [_thread_in_vm, id=30132]

siginfo:si_signo=11, si_errno=0, si_code=1, si_addr=0x952fde64

Registers:
EAX=0x00000030, EBX=0xb7a0738c, ECX=0x08485510, EDX=0x912fe380
ESP=0xbfea49c0, EBP=0xbfea4a18, ESI=0xbfea4a00, EDI=0x952fdda4
EIP=0xb77dcfc8, CR2=0x952fde64, EFLAGS=0x00010206

Top of Stack: (sp=0xbfea49c0)
0xbfea49c0:   bfea4a00 bfea49e4 bfea49e0 00000002
0xbfea49d0:   00000013 0000001a b7e9e476 b790b180
0xbfea49e0:   00000000 0848550c 08485504 00000000
0xbfea49f0:   00000000 00000000 084854fc 084854f8
0xbfea4a00:   08485510 00000000 081b4b3c b7a0738c
0xbfea4a10:   bfea4a50 00000000 bfea4a98 b77dd8f4
0xbfea4a20:   081b4b30 081b36f8 b7f71538 b7f71538
0xbfea4a30:   081c5508 b7a0738c bfea4a50 bfea4a44 

Instructions: (pc=0xb77dcfc8)
0xb77dcfb8:   08 8b 7a 0c 83 c7 1c 66 8b 40 28 25 ff ff 00 00
0xb77dcfc8:   8b 34 87 8b 83 60 0e 00 00 3b b0 e0 04 00 00 0f 

Stack: [0xbfcaa000,0xbfeaa000),  sp=0xbfea49c0,  free space=2026k
Native frames: (J=compiled Java code, j=interpreted, Vv=VM code, C=native code)
V  [libjvm.so+0x150fc8]
V  [libjvm.so+0x1518f4]
V  [libjvm.so+0x1516d0]
V  [libjvm.so+0x1516d0]
V  [libjvm.so+0x1514fb]
V  [libjvm.so+0x151bd2]
V  [libjvm.so+0x150e67]
V  [libjvm.so+0x1e6463]
V  [libjvm.so+0x17c871]
C  [libfontmanager.so+0x448a8]  Java_sun_font_FontManager_initIDs+0x324
j  sun.font.FontManager.initIDs()V+0
j  sun.font.FontManager.access$000()V+0
j  sun.font.FontManager$1.run()Ljava/lang/Object;+10
v  ~StubRoutines::call_stub
V  [libjvm.so+0x174fec]
V  [libjvm.so+0x2821f8]
V  [libjvm.so+0x174e1f]
V  [libjvm.so+0x1d24bd]
C  [libjava.so+0x92cd]  Java_java_security_AccessController_doPrivileged__Ljava_security_PrivilegedAction_2+0x3d
j  java.security.AccessController.doPrivileged(Ljava/security/PrivilegedAction;)Ljava/lang/Object;+0
j  sun.font.FontManager.<clinit>()V+515
v  ~StubRoutines::call_stub
V  [libjvm.so+0x174fec]
V  [libjvm.so+0x2821f8]
V  [libjvm.so+0x174e1f]
V  [libjvm.so+0x1532b1]
V  [libjvm.so+0x151dbf]
V  [libjvm.so+0x150e67]
V  [libjvm.so+0x253c81]
V  [libjvm.so+0x2553ff]
V  [libjvm.so+0x25522a]
V  [libjvm.so+0x169afe]
j  sun.java2d.SunGraphicsEnvironment.addDirFonts(Ljava/lang/String;Ljava/io/File;Ljava/io/FilenameFilter;IZIZZ)V+401
j  sun.java2d.SunGraphicsEnvironment.registerFontsInDir(Ljava/lang/String;ZIZZ)V+34
j  sun.java2d.SunGraphicsEnvironment.access$200(Lsun/java2d/SunGraphicsEnvironment;Ljava/lang/String;ZIZZ)V+8
j  sun.java2d.SunGraphicsEnvironment$1.run()Ljava/lang/Object;+426
v  ~StubRoutines::call_stub
V  [libjvm.so+0x174fec]
V  [libjvm.so+0x2821f8]
V  [libjvm.so+0x174e1f]
V  [libjvm.so+0x1d24bd]
C  [libjava.so+0x92cd]  Java_java_security_AccessController_doPrivileged__Ljava_security_PrivilegedAction_2+0x3d
j  java.security.AccessController.doPrivileged(Ljava/security/PrivilegedAction;)Ljava/lang/Object;+0
j  sun.java2d.SunGraphicsEnvironment.<init>()V+28
j  sun.awt.X11GraphicsEnvironment.<init>()V+1
v  ~StubRoutines::call_stub
V  [libjvm.so+0x174fec]
V  [libjvm.so+0x2821f8]
V  [libjvm.so+0x174e1f]
V  [libjvm.so+0x2abe2c]
V  [libjvm.so+0x2aeda0]
V  [libjvm.so+0x1e90d8]
C  [libjava.so+0x1379d]  Java_sun_reflect_NativeConstructorAccessorImpl_newInstance0+0x2d
j  sun.reflect.NativeConstructorAccessorImpl.newInstance0(Ljava/lang/reflect/Constructor;[Ljava/lang/Object;)Ljava/lang/Object;+0
j  sun.reflect.NativeConstructorAccessorImpl.newInstance([Ljava/lang/Object;)Ljava/lang/Object;+72
j  sun.reflect.DelegatingConstructorAccessorImpl.newInstance([Ljava/lang/Object;)Ljava/lang/Object;+5
j  java.lang.reflect.Constructor.newInstance([Ljava/lang/Object;)Ljava/lang/Object;+92
j  java.lang.Class.newInstance0()Ljava/lang/Object;+118
j  java.lang.Class.newInstance()Ljava/lang/Object;+15
j  java.awt.GraphicsEnvironment.getLocalGraphicsEnvironment()Ljava/awt/GraphicsEnvironment;+27
j  java.awt.Window.init(Ljava/awt/GraphicsConfiguration;)V+45
j  java.awt.Window.<init>()V+71
j  java.awt.Frame.<init>(Ljava/lang/String;)V+1
j  javax.swing.JFrame.<init>(Ljava/lang/String;)V+2
j  FrameMenu.<init>(Ljava/lang/String;)V+2
j  Habplan3.main([Ljava/lang/String;)V+660
v  ~StubRoutines::call_stub
V  [libjvm.so+0x174fec]
V  [libjvm.so+0x2821f8]
V  [libjvm.so+0x174e1f]
V  [libjvm.so+0x19f5c2]
V  [libjvm.so+0x1907d2]
C  [java+0x1803]
C  [libc.so.6+0x157e4]  __libc_start_main+0xdc

Java frames: (J=compiled Java code, j=interpreted, Vv=VM code)
j  sun.font.FontManager.initIDs()V+0
j  sun.font.FontManager.access$000()V+0
j  sun.font.FontManager$1.run()Ljava/lang/Object;+10
v  ~StubRoutines::call_stub
j  java.security.AccessController.doPrivileged(Ljava/security/PrivilegedAction;)Ljava/lang/Object;+0
j  sun.font.FontManager.<clinit>()V+515
v  ~StubRoutines::call_stub
j  sun.java2d.SunGraphicsEnvironment.addDirFonts(Ljava/lang/String;Ljava/io/File;Ljava/io/FilenameFilter;IZIZZ)V+401
j  sun.java2d.SunGraphicsEnvironment.registerFontsInDir(Ljava/lang/String;ZIZZ)V+34
j  sun.java2d.SunGraphicsEnvironment.access$200(Lsun/java2d/SunGraphicsEnvironment;Ljava/lang/String;ZIZZ)V+8
j  sun.java2d.SunGraphicsEnvironment$1.run()Ljava/lang/Object;+426
v  ~StubRoutines::call_stub
j  java.security.AccessController.doPrivileged(Ljava/security/PrivilegedAction;)Ljava/lang/Object;+0
j  sun.java2d.SunGraphicsEnvironment.<init>()V+28
j  sun.awt.X11GraphicsEnvironment.<init>()V+1
v  ~StubRoutines::call_stub
j  sun.reflect.NativeConstructorAccessorImpl.newInstance0(Ljava/lang/reflect/Constructor;[Ljava/lang/Object;)Ljava/lang/Object;+0
j  sun.reflect.NativeConstructorAccessorImpl.newInstance([Ljava/lang/Object;)Ljava/lang/Object;+72
j  sun.reflect.DelegatingConstructorAccessorImpl.newInstance([Ljava/lang/Object;)Ljava/lang/Object;+5
j  java.lang.reflect.Constructor.newInstance([Ljava/lang/Object;)Ljava/lang/Object;+92
j  java.lang.Class.newInstance0()Ljava/lang/Object;+118
j  java.lang.Class.newInstance()Ljava/lang/Object;+15
j  java.awt.GraphicsEnvironment.getLocalGraphicsEnvironment()Ljava/awt/GraphicsEnvironment;+27
j  java.awt.Window.init(Ljava/awt/GraphicsConfiguration;)V+45
j  java.awt.Window.<init>()V+71
j  java.awt.Frame.<init>(Ljava/lang/String;)V+1
j  javax.swing.JFrame.<init>(Ljava/lang/String;)V+2
j  FrameMenu.<init>(Ljava/lang/String;)V+2
j  Habplan3.main([Ljava/lang/String;)V+660
v  ~StubRoutines::call_stub

---------------  P R O C E S S  ---------------

Java Threads: ( => current thread )
  0xb2000ab8 JavaThread "Low Memory Detector" daemon [_thread_blocked, id=30138]
  0x081f8f30 JavaThread "CompilerThread0" daemon [_thread_blocked, id=30137]
  0x081f7dc8 JavaThread "Signal Dispatcher" daemon [_thread_blocked, id=30136]
  0x081f10a8 JavaThread "Finalizer" daemon [_thread_blocked, id=30135]
  0x081f0350 JavaThread "Reference Handler" daemon [_thread_blocked, id=30134]
=>0x081b36f8 JavaThread "main" [_thread_in_vm, id=30132]

Other Threads:
  0x081ed7b8 VMThread [id=30133]
  0xb2002068 WatcherThread [id=30139]

VM state:not at safepoint (normal execution)

VM Mutex/Monitor currently owned by a thread: None

Heap
 def new generation   total 576K, used 90K [0x889b0000, 0x88a50000, 0x88e90000)
  eden space 512K,   5% used [0x889b0000, 0x889b6af0, 0x88a30000)
  from space 64K, 100% used [0x88a40000, 0x88a50000, 0x88a50000)
  to   space 64K,   0% used [0x88a30000, 0x88a30000, 0x88a40000)
 tenured generation   total 1408K, used 124K [0x88e90000, 0x88ff0000, 0x8c9b0000)
   the space 1408K,   8% used [0x88e90000, 0x88eaf178, 0x88eaf200, 0x88ff0000)
 compacting perm gen  total 8192K, used 82K [0x8c9b0000, 0x8d1b0000, 0x909b0000)
   the space 8192K,   1% used [0x8c9b0000, 0x8c9c4ba8, 0x8c9c4c00, 0x8d1b0000)
    ro space 8192K,  68% used [0x909b0000, 0x90f2c408, 0x90f2c600, 0x911b0000)
    rw space 12288K,  48% used [0x911b0000, 0x91773a30, 0x91773c00, 0x91db0000)

Dynamic libraries:
08048000-08057000 r-xp 00000000 03:02 3555666    /usr/java/jdk1.5.0_06/bin/java
08057000-08059000 rwxp 0000e000 03:02 3555666    /usr/java/jdk1.5.0_06/bin/java
081b0000-084d9000 rwxp 081b0000 00:00 0          [heap]
889b0000-88a50000 rwxp 889b0000 00:00 0 
88a50000-88e90000 rwxp 88a50000 00:00 0 
88e90000-88ff0000 rwxp 88e90000 00:00 0 
88ff0000-8c9b0000 rwxp 88ff0000 00:00 0 
8c9b0000-8d1b0000 rwxp 8c9b0000 00:00 0 
8d1b0000-909b0000 rwxp 8d1b0000 00:00 0 
909b0000-90f2d000 r-xs 00001000 03:02 3557389    /usr/java/jdk1.5.0_06/jre/lib/i386/client/classes.jsa
90f2d000-911b0000 rwxp 90f2d000 00:00 0 
911b0000-91774000 rwxp 0057e000 03:02 3557389    /usr/java/jdk1.5.0_06/jre/lib/i386/client/classes.jsa
91774000-91db0000 rwxp 91774000 00:00 0 
91db0000-91e7f000 rwxp 00b42000 03:02 3557389    /usr/java/jdk1.5.0_06/jre/lib/i386/client/classes.jsa
91e7f000-921b0000 rwxp 91e7f000 00:00 0 
921b0000-921b4000 r-xs 00c11000 03:02 3557389    /usr/java/jdk1.5.0_06/jre/lib/i386/client/classes.jsa
921b4000-925b0000 rwxp 921b4000 00:00 0 
b1adb000-b1b4e000 r-xp 00000000 03:02 3557453    /usr/java/jdk1.5.0_06/jre/lib/i386/libfontmanager.so
b1b4e000-b1b58000 rwxp 00073000 03:02 3557453    /usr/java/jdk1.5.0_06/jre/lib/i386/libfontmanager.so
b1b58000-b1b5c000 rwxp b1b58000 00:00 0 
b1b5c000-b1b61000 r-xp 00000000 03:02 379280     /usr/lib/libXdmcp.so.6.0.0
b1b61000-b1b62000 rwxp 00004000 03:02 379280     /usr/lib/libXdmcp.so.6.0.0
b1b62000-b1c5b000 r-xp 00000000 03:02 379282     /usr/lib/libX11.so.6.2.0
b1c5b000-b1c5f000 rwxp 000f9000 03:02 379282     /usr/lib/libX11.so.6.2.0
b1c5f000-b1c6e000 r-xp 00000000 03:02 379284     /usr/lib/libXext.so.6.4.0
b1c6e000-b1c6f000 rwxp 0000e000 03:02 379284     /usr/lib/libXext.so.6.4.0
b1c6f000-b1ca5000 r-xp 00000000 03:02 3557488    /usr/java/jdk1.5.0_06/jre/lib/i386/xawt/libmawt.so
b1ca5000-b1ca8000 rwxp 00035000 03:02 3557488    /usr/java/jdk1.5.0_06/jre/lib/i386/xawt/libmawt.so
b1ca8000-b1ca9000 rwxp b1ca8000 00:00 0 
b1ca9000-b1d6f000 r-xp 00000000 03:02 3557471    /usr/java/jdk1.5.0_06/jre/lib/i386/libmlib_image.so
b1d6f000-b1d70000 rwxp 000c5000 03:02 3557471    /usr/java/jdk1.5.0_06/jre/lib/i386/libmlib_image.so
b1d70000-b1de5000 r-xp 00000000 03:02 3557448    /usr/java/jdk1.5.0_06/jre/lib/i386/libawt.so
b1de5000-b1deb000 rwxp 00074000 03:02 3557448    /usr/java/jdk1.5.0_06/jre/lib/i386/libawt.so
b1deb000-b1e0f000 rwxp b1deb000 00:00 0 
b1e0f000-b1e3a000 r-xs 00000000 03:02 3557403    /usr/java/jdk1.5.0_06/jre/lib/ext/sunpkcs11.jar
b1e3a000-b1efe000 r-xs 00000000 03:02 3557390    /usr/java/jdk1.5.0_06/jre/lib/ext/localedata.jar
b1efe000-b1eff000 --xp b1efe000 00:00 0 
b1eff000-b1f7f000 rwxp b1eff000 00:00 0 
b1f7f000-b1f82000 --xp b1f7f000 00:00 0 
b1f82000-b2039000 rwxp b1f82000 00:00 0 
b2039000-b2100000 --xp b2039000 00:00 0 
b2120000-b2146000 r-xs 00000000 03:02 3558310    /usr/java/jdk1.5.0_06/jre/lib/ext/sunjce_provider.jar
b2146000-b2149000 --xp b2146000 00:00 0 
b2149000-b21c7000 rwxp b2149000 00:00 0 
b21c7000-b21ca000 --xp b21c7000 00:00 0 
b21ca000-b2248000 rwxp b21ca000 00:00 0 
b2248000-b2448000 r-xp 00000000 03:02 494921     /usr/lib/locale/locale-archive
b2448000-b244b000 --xp b2448000 00:00 0 
b244b000-b24c9000 rwxp b244b000 00:00 0 
b24c9000-b24cc000 --xp b24c9000 00:00 0 
b24cc000-b254a000 rwxp b24cc000 00:00 0 
b254a000-b254b000 --xp b254a000 00:00 0 
b254b000-b25d0000 rwxp b254b000 00:00 0 
b25d0000-b25ec000 rwxp b25d0000 00:00 0 
b25ec000-b25ed000 rwxp b25ec000 00:00 0 
b25ed000-b260a000 rwxp b25ed000 00:00 0 
b260a000-b260b000 rwxp b260a000 00:00 0 
b260b000-b260c000 rwxp b260b000 00:00 0 
b260c000-b260e000 rwxp b260c000 00:00 0 
b260e000-b262a000 rwxp b260e000 00:00 0 
b262a000-b262e000 rwxp b262a000 00:00 0 
b262e000-b264a000 rwxp b262e000 00:00 0 
b264a000-b2658000 rwxp b264a000 00:00 0 
b2658000-b26d5000 rwxp b2658000 00:00 0 
b26d5000-b278d000 rwxp b26d5000 00:00 0 
b278d000-b46d5000 rwxp b278d000 00:00 0 
b46d5000-b4f10000 r-xs 00000000 03:02 3557525    /usr/java/jdk1.5.0_06/jre/lib/charsets.jar
b4f10000-b4f24000 r-xs 00000000 03:02 3557523    /usr/java/jdk1.5.0_06/jre/lib/jce.jar
b4f24000-b4fa9000 r-xs 00000000 03:02 3557583    /usr/java/jdk1.5.0_06/jre/lib/jsse.jar
b4fa9000-b5012000 rwxp b4fa9000 00:00 0 
b5012000-b75fa000 r-xs 00000000 03:02 3558032    /usr/java/jdk1.5.0_06/jre/lib/rt.jar
b75fa000-b760d000 r-xp 00000000 03:02 3557479    /usr/java/jdk1.5.0_06/jre/lib/i386/libzip.so
b760d000-b760f000 rwxp 00012000 03:02 3557479    /usr/java/jdk1.5.0_06/jre/lib/i386/libzip.so
b760f000-b7630000 r-xp 00000000 03:02 3557459    /usr/java/jdk1.5.0_06/jre/lib/i386/libjava.so
b7630000-b7632000 rwxp 00020000 03:02 3557459    /usr/java/jdk1.5.0_06/jre/lib/i386/libjava.so
b7632000-b7643000 r-xp 00000000 03:02 1261664    /lib/libnsl-2.4.so
b7643000-b7644000 r-xp 00010000 03:02 1261664    /lib/libnsl-2.4.so
b7644000-b7645000 rwxp 00011000 03:02 1261664    /lib/libnsl-2.4.so
b7645000-b7647000 rwxp b7645000 00:00 0 
b764c000-b764e000 r-xp 00000000 03:02 379243     /usr/lib/libXau.so.6.0.0
b764e000-b764f000 rwxp 00001000 03:02 379243     /usr/lib/libXau.so.6.0.0
b764f000-b765b000 rwxp b764f000 00:00 0 
b765b000-b7666000 r-xp 00000000 03:02 3557478    /usr/java/jdk1.5.0_06/jre/lib/i386/libverify.so
b7666000-b7667000 rwxp 0000b000 03:02 3557478    /usr/java/jdk1.5.0_06/jre/lib/i386/libverify.so
b7667000-b768a000 r-xp 00000000 03:02 1261657    /lib/libm-2.4.so
b768a000-b768b000 r-xp 00022000 03:02 1261657    /lib/libm-2.4.so
b768b000-b768c000 rwxp 00023000 03:02 1261657    /lib/libm-2.4.so
b768c000-b79ec000 r-xp 00000000 03:02 3557442    /usr/java/jdk1.5.0_06/jre/lib/i386/client/libjvm.so
b79ec000-b7a0a000 rwxp 0035f000 03:02 3557442    /usr/java/jdk1.5.0_06/jre/lib/i386/client/libjvm.so
b7a0a000-b7e22000 rwxp b7a0a000 00:00 0 
b7e22000-b7f4e000 r-xp 00000000 03:02 1261624    /lib/libc-2.4.so
b7f4e000-b7f51000 r-xp 0012b000 03:02 1261624    /lib/libc-2.4.so
b7f51000-b7f52000 rwxp 0012e000 03:02 1261624    /lib/libc-2.4.so
b7f52000-b7f55000 rwxp b7f52000 00:00 0 
b7f55000-b7f57000 r-xp 00000000 03:02 1261653    /lib/libdl-2.4.so
b7f57000-b7f58000 r-xp 00001000 03:02 1261653    /lib/libdl-2.4.so
b7f58000-b7f59000 rwxp 00002000 03:02 1261653    /lib/libdl-2.4.so
b7f59000-b7f69000 r-xp 00000000 03:02 1261704    /lib/libpthread-2.4.so
b7f69000-b7f6a000 r-xp 0000f000 03:02 1261704    /lib/libpthread-2.4.so
b7f6a000-b7f6b000 rwxp 00010000 03:02 1261704    /lib/libpthread-2.4.so
b7f6b000-b7f6d000 rwxp b7f6b000 00:00 0 
b7f6f000-b7f71000 r-xs 00000000 03:02 3558309    /usr/java/jdk1.5.0_06/jre/lib/ext/dnsns.jar
b7f71000-b7f79000 rwxs 00000000 03:02 229823     /tmp/hsperfdata_pvandeus/30132
b7f79000-b7f82000 r-xp 00000000 03:02 1261706    /lib/libnss_files-2.4.so
b7f82000-b7f83000 r-xp 00008000 03:02 1261706    /lib/libnss_files-2.4.so
b7f83000-b7f84000 rwxp 00009000 03:02 1261706    /lib/libnss_files-2.4.so
b7f84000-b7f8a000 r-xp 00000000 03:02 3557482    /usr/java/jdk1.5.0_06/jre/lib/i386/native_threads/libhpi.so
b7f8a000-b7f8b000 rwxp 00006000 03:02 3557482    /usr/java/jdk1.5.0_06/jre/lib/i386/native_threads/libhpi.so
b7f8b000-b7f8c000 rwxp b7f8b000 00:00 0 
b7f8c000-b7f8d000 r-xp b7f8c000 00:00 0 
b7f8d000-b7f8e000 rwxp b7f8d000 00:00 0 
b7f8e000-b7f8f000 r-xp b7f8e000 00:00 0          [vdso]
b7f8f000-b7fa8000 r-xp 00000000 03:02 1261579    /lib/ld-2.4.so
b7fa8000-b7fa9000 r-xp 00018000 03:02 1261579    /lib/ld-2.4.so
b7fa9000-b7faa000 rwxp 00019000 03:02 1261579    /lib/ld-2.4.so
bfcaa000-bfcad000 --xp bfcaa000 00:00 0 
bfcad000-bfeaa000 rwxp bfcad000 00:00 0          [stack]

VM Arguments:
java_command: Habplan3
Launcher Type: SUN_STANDARD

Environment Variables:
JAVA_HOME=/usr/java/jdk1.5.0_06
PATH=/usr/kerberos/bin:/usr/local/bin:/usr/bin:/bin:/usr/X11R6/bin:/usr/java/jdk1.5.0_05/bin:/home/pvandeus/downloads/R/linprog/lpsolve/lp_solve_4.0:/home/pvandeus/downloads/xgobi/xgobi/src:/home/pvandeus/bin:/usr/java/jdk1.5.0_05/bin:/home/pvandeus/downloads/R/linprog/lpsolve/lp_solve_4.0:/home/pvandeus/downloads/xgobi/xgobi/src:/usr/java/jdk1.5.0_05/bin:/home/pvandeus/downloads/R/linprog/lpsolve/lp_solve_4.0:/home/pvandeus/downloads/xgobi/xgobi/src:/usr/java/jdk1.5.0_06/bin:/home/pvandeus/downloads/R/linprog/lpsolve/lp_solve_4.0:/home/pvandeus/downloads/xgobi/xgobi/src
LD_LIBRARY_PATH=/usr/java/jdk1.5.0_06/jre/lib/i386/client:/usr/java/jdk1.5.0_06/jre/lib/i386:/usr/java/jdk1.5.0_06/jre/../lib/i386:/usr/local/lib
SHELL=/bin/bash
DISPLAY=:0.0

Signal Handlers:
SIGSEGV: [libjvm.so+0x31b990], sa_mask[0]=0x7ffbfeff, sa_flags=0x10000004
SIGBUS: [libjvm.so+0x31b990], sa_mask[0]=0x7ffbfeff, sa_flags=0x10000004
SIGFPE: [libjvm.so+0x281230], sa_mask[0]=0x7ffbfeff, sa_flags=0x10000004
SIGPIPE: [libjvm.so+0x281230], sa_mask[0]=0x7ffbfeff, sa_flags=0x10000004
SIGILL: [libjvm.so+0x281230], sa_mask[0]=0x7ffbfeff, sa_flags=0x10000004
SIGUSR1: SIG_DFL, sa_mask[0]=0x00000000, sa_flags=0x00000000
SIGUSR2: [libjvm.so+0x283580], sa_mask[0]=0x00000000, sa_flags=0x10000004
SIGHUP: [libjvm.so+0x282fb0], sa_mask[0]=0x7ffbfeff, sa_flags=0x10000004
SIGINT: [libjvm.so+0x282fb0], sa_mask[0]=0x7ffbfeff, sa_flags=0x10000004
SIGQUIT: [libjvm.so+0x282fb0], sa_mask[0]=0x7ffbfeff, sa_flags=0x10000004
SIGTERM: [libjvm.so+0x282fb0], sa_mask[0]=0x7ffbfeff, sa_flags=0x10000004


---------------  S Y S T E M  ---------------

OS:Fedora Core release 5 (Bordeaux)

uname:Linux 2.6.15-1.2054_FC5smp #1 SMP Tue Mar 14 16:05:46 EST 2006 i686
libc:glibc 2.4 NPTL 2.4 
rlimit: STACK 10240k, CORE 0k, NPROC 49151, NOFILE 1024, AS infinity
load average:1.25 0.50 0.23

CPU:total 2 family 15, cmov, cx8, fxsr, mmx, sse, sse2, ht

Memory: 4k page, physical 759k(457k free), swap 498k(498k free)

vm_info: Java HotSpot(TM) Client VM (1.5.0_06-b05) for linux-x86, built on Nov 10 2005 12:08:33 by java_re with gcc 3.2.1-7a (J2SE release)

